# JRE version: Java(TM) SE Runtime Environment (8.0_281-b09) (build 1.8.0_281-b09)
# Java VM: Java HotSpot(TM) 64-Bit Server VM (25.281-b09 mixed mode windows-amd64 compressed oops)
Heap:
 PSYoungGen      total 230400K, used 21391K [0x000000076af00000, 0x0000000779d00000, 0x00000007c0000000)
  eden space 218624K, 9% used [0x000000076af00000,0x000000076c3e3ec8,0x0000000778480000)
  from space 11776K, 0% used [0x0000000778600000,0x0000000778600000,0x0000000779180000)
  to   space 9728K, 0% used [0x0000000779380000,0x0000000779380000,0x0000000779d00000)
 ParOldGen       total 138240K, used 13691K [0x00000006c0c00000, 0x00000006c9300000, 0x000000076af00000)
  object space 138240K, 9% used [0x00000006c0c00000,0x00000006c195ee68,0x00000006c9300000)
 Metaspace       used 35332K, capacity 37369K, committed 37632K, reserved 1089536K
  class space    used 4672K, capacity 5033K, committed 5120K, reserved 1048576K
GC Heap History (10 events):
Event: 1.405 GC heap before
{Heap before GC invocations=5 (full 1):
 PSYoungGen      total 141824K, used 7002K [0x000000076af00000, 0x0000000774400000, 0x00000007c0000000)
  eden space 131072K, 0% used [0x000000076af00000,0x000000076af00000,0x0000000772f00000)
  from space 10752K, 65% used [0x0000000773980000,0x0000000774056bc8,0x0000000774400000)
  to   space 10752K, 0% used [0x0000000772f00000,0x0000000772f00000,0x0000000773980000)
 ParOldGen       total 175104K, used 40K [0x00000006c0c00000, 0x00000006cb700000, 0x000000076af00000)
  object space 175104K, 0% used [0x00000006c0c00000,0x00000006c0c0a000,0x00000006cb700000)
 Metaspace       used 20355K, capacity 21252K, committed 21296K, reserved 1067008K
  class space    used 2706K, capacity 2910K, committed 2944K, reserved 1048576K
Event: 1.426 GC heap after
Heap after GC invocations=5 (full 1):
 PSYoungGen      total 141824K, used 0K [0x000000076af00000, 0x0000000774400000, 0x00000007c0000000)
  eden space 131072K, 0% used [0x000000076af00000,0x000000076af00000,0x0000000772f00000)
  from space 10752K, 0% used [0x0000000773980000,0x0000000773980000,0x0000000774400000)
  to   space 10752K, 0% used [0x0000000772f00000,0x0000000772f00000,0x0000000773980000)
 ParOldGen       total 90112K, used 6743K [0x00000006c0c00000, 0x00000006c6400000, 0x000000076af00000)
  object space 90112K, 7% used [0x00000006c0c00000,0x00000006c1295eb0,0x00000006c6400000)
 Metaspace       used 20355K, capacity 21252K, committed 21296K, reserved 1067008K
  class space    used 2706K, capacity 2910K, committed 2944K, reserved 1048576K
}
Event: 1.658 GC heap before
{Heap before GC invocations=6 (full 1):
 PSYoungGen      total 141824K, used 131072K [0x000000076af00000, 0x0000000774400000, 0x00000007c0000000)
  eden space 131072K, 100% used [0x000000076af00000,0x0000000772f00000,0x0000000772f00000)
  from space 10752K, 0% used [0x0000000773980000,0x0000000773980000,0x0000000774400000)
  to   space 10752K, 0% used [0x0000000772f00000,0x0000000772f00000,0x0000000773980000)
 ParOldGen       total 90112K, used 6743K [0x00000006c0c00000, 0x00000006c6400000, 0x000000076af00000)
  object space 90112K, 7% used [0x00000006c0c00000,0x00000006c1295eb0,0x00000006c6400000)
 Metaspace       used 25794K, capacity 26942K, committed 27264K, reserved 1073152K
  class space    used 3355K, capacity 3641K, committed 3712K, reserved 1048576K
Event: 1.663 GC heap after
Heap after GC invocations=6 (full 1):
 PSYoungGen      total 141824K, used 8215K [0x000000076af00000, 0x0000000779d00000, 0x00000007c0000000)
  eden space 131072K, 0% used [0x000000076af00000,0x000000076af00000,0x0000000772f00000)
  from space 10752K, 76% used [0x0000000772f00000,0x0000000773705c18,0x0000000773980000)
  to   space 9728K, 0% used [0x0000000779380000,0x0000000779380000,0x0000000779d00000)
 ParOldGen       total 90112K, used 6751K [0x00000006c0c00000, 0x00000006c6400000, 0x000000076af00000)
  object space 90112K, 7% used [0x00000006c0c00000,0x00000006c1297eb0,0x00000006c6400000)
 Metaspace       used 25794K, capacity 26942K, committed 27264K, reserved 1073152K
  class space    used 3355K, capacity 3641K, committed 3712K, reserved 1048576K
}
Event: 2.374 GC heap before
{Heap before GC invocations=7 (full 1):
 PSYoungGen      total 141824K, used 139287K [0x000000076af00000, 0x0000000779d00000, 0x00000007c0000000)
  eden space 131072K, 100% used [0x000000076af00000,0x0000000772f00000,0x0000000772f00000)
  from space 10752K, 76% used [0x0000000772f00000,0x0000000773705c18,0x0000000773980000)
  to   space 9728K, 0% used [0x0000000779380000,0x0000000779380000,0x0000000779d00000)
 ParOldGen       total 90112K, used 6751K [0x00000006c0c00000, 0x00000006c6400000, 0x000000076af00000)
  object space 90112K, 7% used [0x00000006c0c00000,0x00000006c1297eb0,0x00000006c6400000)
 Metaspace       used 31531K, capacity 33256K, committed 33536K, reserved 1079296K
  class space    used 4174K, capacity 4522K, committed 4608K, reserved 1048576K
Event: 2.381 GC heap after
Heap after GC invocations=7 (full 1):
 PSYoungGen      total 228352K, used 9714K [0x000000076af00000, 0x0000000779d00000, 0x00000007c0000000)
  eden space 218624K, 0% used [0x000000076af00000,0x000000076af00000,0x0000000778480000)
  from space 9728K, 99% used [0x0000000779380000,0x0000000779cfcbe0,0x0000000779d00000)
  to   space 11776K, 0% used [0x0000000778600000,0x0000000778600000,0x0000000779180000)
 ParOldGen       total 90112K, used 8382K [0x00000006c0c00000, 0x00000006c6400000, 0x000000076af00000)
  object space 90112K, 9% used [0x00000006c0c00000,0x00000006c142faf8,0x00000006c6400000)
 Metaspace       used 31531K, capacity 33256K, committed 33536K, reserved 1079296K
  class space    used 4174K, capacity 4522K, committed 4608K, reserved 1048576K
}
Event: 2.670 GC heap before
{Heap before GC invocations=8 (full 1):
 PSYoungGen      total 228352K, used 80087K [0x000000076af00000, 0x0000000779d00000, 0x00000007c0000000)
  eden space 218624K, 32% used [0x000000076af00000,0x000000076f3b92e8,0x0000000778480000)
  from space 9728K, 99% used [0x0000000779380000,0x0000000779cfcbe0,0x0000000779d00000)
  to   space 11776K, 0% used [0x0000000778600000,0x0000000778600000,0x0000000779180000)
 ParOldGen       total 90112K, used 8382K [0x00000006c0c00000, 0x00000006c6400000, 0x000000076af00000)
  object space 90112K, 9% used [0x00000006c0c00000,0x00000006c142faf8,0x00000006c6400000)
 Metaspace       used 33412K, capacity 35406K, committed 35496K, reserved 1079296K
  class space    used 4445K, capacity 4807K, committed 4864K, reserved 1048576K
Event: 2.676 GC heap after
Heap after GC invocations=8 (full 1):
 PSYoungGen      total 230400K, used 8892K [0x000000076af00000, 0x0000000779d00000, 0x00000007c0000000)
  eden space 218624K, 0% used [0x000000076af00000,0x000000076af00000,0x0000000778480000)
  from space 11776K, 75% used [0x0000000778600000,0x0000000778eaf380,0x0000000779180000)
  to   space 9728K, 0% used [0x0000000779380000,0x0000000779380000,0x0000000779d00000)
 ParOldGen       total 90112K, used 8390K [0x00000006c0c00000, 0x00000006c6400000, 0x000000076af00000)
  object space 90112K, 9% used [0x00000006c0c00000,0x00000006c1431af8,0x00000006c6400000)
 Metaspace       used 33412K, capacity 35406K, committed 35496K, reserved 1079296K
  class space    used 4445K, capacity 4807K, committed 4864K, reserved 1048576K
}
Event: 2.676 GC heap before
{Heap before GC invocations=9 (full 2):
 PSYoungGen      total 230400K, used 8892K [0x000000076af00000, 0x0000000779d00000, 0x00000007c0000000)
  eden space 218624K, 0% used [0x000000076af00000,0x000000076af00000,0x0000000778480000)
  from space 11776K, 75% used [0x0000000778600000,0x0000000778eaf380,0x0000000779180000)
  to   space 9728K, 0% used [0x0000000779380000,0x0000000779380000,0x0000000779d00000)
 ParOldGen       total 90112K, used 8390K [0x00000006c0c00000, 0x00000006c6400000, 0x000000076af00000)
  object space 90112K, 9% used [0x00000006c0c00000,0x00000006c1431af8,0x00000006c6400000)
 Metaspace       used 33412K, capacity 35406K, committed 35496K, reserved 1079296K
  class space    used 4445K, capacity 4807K, committed 4864K, reserved 1048576K
Event: 2.724 GC heap after
Heap after GC invocations=9 (full 2):
 PSYoungGen      total 230400K, used 0K [0x000000076af00000, 0x0000000779d00000, 0x00000007c0000000)
  eden space 218624K, 0% used [0x000000076af00000,0x000000076af00000,0x0000000778480000)
  from space 11776K, 0% used [0x0000000778600000,0x0000000778600000,0x0000000779180000)
  to   space 9728K, 0% used [0x0000000779380000,0x0000000779380000,0x0000000779d00000)
 ParOldGen       total 138240K, used 13691K [0x00000006c0c00000, 0x00000006c9300000, 0x000000076af00000)
  object space 138240K, 9% used [0x00000006c0c00000,0x00000006c195ee68,0x00000006c9300000)
 Metaspace       used 33412K, capacity 35406K, committed 35496K, reserved 1079296K
  class space    used 4445K, capacity 4807K, committed 4864K, reserved 1048576K
}

